<?xml version="1.0" encoding="UTF-8"?>
<testsuite xmlns:xsi="http://www.w3.org/2001/XMLSchema-instance" xsi:noNamespaceSchemaLocation="https://maven.apache.org/surefire/maven-surefire-plugin/xsd/surefire-test-report.xsd" name="com.Homework_22_10_18.LexerTest" time="0.002" tests="7" errors="0" skipped="0" failures="0">
  <properties>
[...]
</properties>
  <testcase name="testWhiteSpaces" classname="com.Homework_22_10_18.LexerTest" time="0"/>
  <testcase name="testDeque" classname="com.Homework_22_10_18.LexerTest" time="0"/>
  <testcase name="testIntegerIsDigitString" classname="com.Homework_22_10_18.LexerTest" time="0"/>
  <testcase name="testLetter" classname="com.Homework_22_10_18.LexerTest" time="0"/>
  <testcase name="testInteger" classname="com.Homework_22_10_18.LexerTest" time="0"/>
  <testcase name="testGetNextTokenWithIllegalCharacter" classname="com.Homework_22_10_18.LexerTest" time="0"/>
  <testcase name="testExpectedLexerExceptionWhenLettersSubstringNotOper" classname="com.Homework_22_10_18.LexerTest" time="0"/>
</testsuite>